c:\users\101057906\desktop\n00b_p0ng\n00b_p0ng\debug\vc141.pdb
c:\users\101057906\desktop\n00b_p0ng\n00b_p0ng\debug\vc141.idb
c:\users\101057906\desktop\n00b_p0ng\n00b_p0ng\debug\stdafx.obj
c:\users\101057906\desktop\n00b_p0ng\n00b_p0ng\debug\physics.obj
c:\users\101057906\desktop\n00b_p0ng\n00b_p0ng\debug\objects.obj
c:\users\101057906\desktop\n00b_p0ng\n00b_p0ng\debug\main.obj
c:\users\101057906\desktop\n00b_p0ng\n00b_p0ng\debug\engine.obj
c:\users\101057906\desktop\n00b_p0ng\n00b_p0ng\debug\collision.obj
c:\users\101057906\desktop\n00b_p0ng\n00b_p0ng\debug\inputhandler.obj
d:\github\n00b_pong\n00b_p0ng\n00b_p0ng\debug\vc141.pdb
d:\github\n00b_pong\n00b_p0ng\n00b_p0ng\debug\vc141.idb
d:\github\n00b_pong\n00b_p0ng\n00b_p0ng\debug\stdafx.obj
d:\github\n00b_pong\n00b_p0ng\n00b_p0ng\debug\physics.obj
d:\github\n00b_pong\n00b_p0ng\n00b_p0ng\debug\objects.obj
d:\github\n00b_pong\n00b_p0ng\n00b_p0ng\debug\inputhandler.obj
d:\github\n00b_pong\n00b_p0ng\n00b_p0ng\debug\collision.obj
c:\users\101057906\desktop\n00b_p0ng\debug\n00b_p0ng.exe
c:\users\101057906\desktop\n00b_p0ng\debug\n00b_p0ng.ilk
c:\users\101057906\desktop\n00b_p0ng\debug\n00b_p0ng.pdb
d:\github\n00b_pong\n00b_p0ng\n00b_p0ng\debug\engine.obj
d:\github\n00b_pong\n00b_p0ng\n00b_p0ng\debug\main.obj
d:\github\n00b_pong\n00b_p0ng\debug\n00b_p0ng.pdb
d:\github\n00b_pong\n00b_p0ng\debug\n00b_p0ng.exe
d:\github\n00b_pong\n00b_p0ng\debug\n00b_p0ng.ilk
d:\github\n00b_pong\n00b_p0ng\n00b_p0ng\debug\n00b_p0ng.tlog\cl.command.1.tlog
d:\github\n00b_pong\n00b_p0ng\n00b_p0ng\debug\n00b_p0ng.tlog\cl.read.1.tlog
d:\github\n00b_pong\n00b_p0ng\n00b_p0ng\debug\n00b_p0ng.tlog\cl.write.1.tlog
d:\github\n00b_pong\n00b_p0ng\n00b_p0ng\debug\n00b_p0ng.tlog\link.command.1.tlog
d:\github\n00b_pong\n00b_p0ng\n00b_p0ng\debug\n00b_p0ng.tlog\link.read.1.tlog
d:\github\n00b_pong\n00b_p0ng\n00b_p0ng\debug\n00b_p0ng.tlog\link.write.1.tlog
