  Game.cpp
d:\github\pong\n00b_pong\n00b_p0ng\n00b_p0ng\game.cpp(30): warning C4244: 'argument': conversion from 'T' to 'float', possible loss of data
          with
          [
              T=unsigned int
          ]
d:\github\pong\n00b_pong\n00b_p0ng\n00b_p0ng\game.cpp(75): warning C4244: 'argument': conversion from 'T' to 'T', possible loss of data
          with
          [
              T=unsigned int
          ]
          and
          [
              T=float
          ]
d:\github\pong\n00b_pong\n00b_p0ng\n00b_p0ng\game.cpp(77): warning C4244: 'argument': conversion from 'T' to 'T', possible loss of data
          with
          [
              T=unsigned int
          ]
          and
          [
              T=float
          ]
d:\github\pong\n00b_pong\n00b_p0ng\n00b_p0ng\game.cpp(82): warning C4244: 'argument': conversion from 'T' to 'float', possible loss of data
          with
          [
              T=unsigned int
          ]
d:\github\pong\n00b_pong\n00b_p0ng\n00b_p0ng\game.cpp(86): warning C4244: 'argument': conversion from 'T' to 'float', possible loss of data
          with
          [
              T=unsigned int
          ]
d:\github\pong\n00b_pong\n00b_p0ng\n00b_p0ng\game.cpp(90): warning C4244: 'argument': conversion from 'T' to 'float', possible loss of data
          with
          [
              T=unsigned int
          ]
  N00B_P0NG.vcxproj -> D:\GitHub\PONG\n00b_pong\N00B_P0NG\Debug\N00B_P0NG.exe
